{"uuid":"993fa3e0-3b4d-470c-bd2c-a4778fcc31a7","historyId":"609cd10b7b6e1d86c785079e37f01bd2","testCaseId":"[engine:junit-jupiter]/[class:Lab3Tests]/[nested-class:PaymentPageTests]/[test-template:testFillOnlyAmount(java.lang.String)]","testCaseName":"testFillOnlyAmount(String)","fullName":"Lab3Tests$PaymentPageTests.testFillOnlyAmount","labels":[{"name":"junit.platform.uniqueid","value":"[engine:junit-jupiter]/[class:Lab3Tests]/[nested-class:PaymentPageTests]/[test-template:testFillOnlyAmount(java.lang.String)]/[test-template-invocation:#1]"},{"name":"host","value":"lunghr"},{"name":"thread","value":"30568@lunghr.ForkJoinPool-1-worker-6(52)"},{"name":"framework","value":"junit-platform"},{"name":"language","value":"java"},{"name":"package","value":"Lab3Tests$PaymentPageTests"},{"name":"testClass","value":"Lab3Tests$PaymentPageTests"},{"name":"testMethod","value":"testFillOnlyAmount"},{"name":"suite","value":"Lab3Tests.PaymentPageTests"}],"links":[],"name":"testFillOnlyAmount(String) [1] chrome","status":"broken","statusDetails":{"known":false,"muted":false,"flaky":false,"message":"Expected condition failed: waiting for com.example.PaymentPage$$Lambda/0x0000000100546308@6862f181 (tried for 15 second(s) with 500 milliseconds interval)","trace":"org.openqa.selenium.TimeoutException: Expected condition failed: waiting for com.example.PaymentPage$$Lambda/0x0000000100546308@6862f181 (tried for 15 second(s) with 500 milliseconds interval)\r\n\tat org.openqa.selenium.support.ui.WebDriverWait.timeoutException(WebDriverWait.java:84)\r\n\tat org.openqa.selenium.support.ui.FluentWait.until(FluentWait.java:228)\r\n\tat com.example.PaymentPage.clickSbpPaymentMethod(PaymentPage.kt:29)\r\n\tat com.example.PaymentPage.openPaymentPage(PaymentPage.kt:48)\r\n\tat Lab3Tests$PaymentPageTests.testFillOnlyAmount(Lab3Tests.kt:64)\r\n\tat java.base/java.lang.reflect.Method.invoke(Method.java:580)\r\n\tat java.base/java.util.concurrent.RecursiveAction.exec(RecursiveAction.java:194)\r\n\tat java.base/java.util.concurrent.ForkJoinTask.doExec(ForkJoinTask.java:387)\r\n\tat java.base/java.util.concurrent.ForkJoinPool$WorkQueue.topLevelExec(ForkJoinPool.java:1310)\r\n\tat java.base/java.util.concurrent.ForkJoinPool.scan(ForkJoinPool.java:1841)\r\n\tat java.base/java.util.concurrent.ForkJoinPool.runWorker(ForkJoinPool.java:1806)\r\n\tat java.base/java.util.concurrent.ForkJoinWorkerThread.run(ForkJoinWorkerThread.java:188)\r\nCaused by: org.openqa.selenium.NoSuchElementException: no such element: Unable to locate element: {\"method\":\"xpath\",\"selector\":\"//div[@data-selenium='modal_pay_sbp']\"}\n  (Session info: chrome=136.0.7103.93)\nFor documentation on this error, please visit: https://www.selenium.dev/documentation/webdriver/troubleshooting/errors#no-such-element-exception\nBuild info: version: '4.21.0', revision: '79ed462ef4'\nSystem info: os.name: 'Windows 11', os.arch: 'amd64', os.version: '10.0', java.version: '21.0.6'\nDriver info: org.openqa.selenium.chrome.ChromeDriver\nCommand: [ff04aacc44f034c5842652a3a68085fc, findElement {using=xpath, value=//div[@data-selenium='modal_pay_sbp']}]\nCapabilities {acceptInsecureCerts: false, browserName: chrome, browserVersion: 136.0.7103.93, chrome: {chromedriverVersion: 136.0.7103.94 (fa0be0b33deb..., userDataDir: C:\\Users\\milan\\AppData\\Loca...}, fedcm:accounts: true, goog:chromeOptions: {debuggerAddress: localhost:50109}, networkConnectionEnabled: false, pageLoadStrategy: normal, platformName: windows, proxy: Proxy(), se:cdp: ws://localhost:50109/devtoo..., se:cdpVersion: 136.0.7103.93, setWindowRect: true, strictFileInteractability: false, timeouts: {implicit: 0, pageLoad: 300000, script: 30000}, unhandledPromptBehavior: dismiss and notify, webauthn:extension:credBlob: true, webauthn:extension:largeBlob: true, webauthn:extension:minPinLength: true, webauthn:extension:prf: true, webauthn:virtualAuthenticators: true}\nSession ID: ff04aacc44f034c5842652a3a68085fc\r\n\tat java.base/jdk.internal.reflect.DirectConstructorHandleAccessor.newInstance(DirectConstructorHandleAccessor.java:62)\r\n\tat java.base/java.lang.reflect.Constructor.newInstanceWithCaller(Constructor.java:502)\r\n\tat java.base/java.lang.reflect.Constructor.newInstance(Constructor.java:486)\r\n\tat org.openqa.selenium.remote.ErrorCodec.decode(ErrorCodec.java:167)\r\n\tat org.openqa.selenium.remote.codec.w3c.W3CHttpResponseCodec.decode(W3CHttpResponseCodec.java:138)\r\n\tat org.openqa.selenium.remote.codec.w3c.W3CHttpResponseCodec.decode(W3CHttpResponseCodec.java:50)\r\n\tat org.openqa.selenium.remote.HttpCommandExecutor.execute(HttpCommandExecutor.java:190)\r\n\tat org.openqa.selenium.remote.service.DriverCommandExecutor.invokeExecute(DriverCommandExecutor.java:216)\r\n\tat org.openqa.selenium.remote.service.DriverCommandExecutor.execute(DriverCommandExecutor.java:174)\r\n\tat org.openqa.selenium.remote.RemoteWebDriver.execute(RemoteWebDriver.java:518)\r\n\tat org.openqa.selenium.remote.ElementLocation$ElementFinder$2.findElement(ElementLocation.java:165)\r\n\tat org.openqa.selenium.remote.ElementLocation.findElement(ElementLocation.java:59)\r\n\tat org.openqa.selenium.remote.RemoteWebDriver.findElement(RemoteWebDriver.java:355)\r\n\tat org.openqa.selenium.remote.RemoteWebDriver.findElement(RemoteWebDriver.java:349)\r\n\tat com.example.PaymentPage.clickSbpPaymentMethod$lambda$2(PaymentPage.kt:29)\r\n\tat com.example.PaymentPage.clickSbpPaymentMethod$lambda$3(PaymentPage.kt:29)\r\n\tat org.openqa.selenium.support.ui.FluentWait.until(FluentWait.java:203)\r\n\t... 10 more\r\n"},"stage":"finished","description":"","steps":[],"attachments":[],"parameters":[{"name":"UniqueId","value":"[engine:junit-jupiter]/[class:Lab3Tests]/[nested-class:PaymentPageTests]/[test-template:testFillOnlyAmount(java.lang.String)]/[test-template-invocation:#1]","mode":"hidden"}],"start":1747318193741,"stop":1747318213023}